<?xml version="1.0" encoding="UTF-8"?>
<!-- Generated by org.testng.reporters.JUnitXMLReporter -->
<testsuite ignored="0" hostname="Mahesh-DT" failures="0" tests="4" name="login " time="13.926" errors="0" timestamp="2025-05-22T12:05:52 IST">
  <testcase classname="DataProviderClassExample.Login" name="BothCorrectLogin" time="3.885"/>
  <testcase classname="DataProviderClassExample.Login" name="BothCorrectLogin" time="3.269"/>
  <testcase classname="DataProviderClassExample.Login" name="BothCorrectLogin" time="3.1"/>
  <testcase classname="DataProviderClassExample.Login" name="BothCorrectLogin" time="3.624"/>
</testsuite> <!-- login  -->
