<?xml version="1.0" encoding="UTF-8"?>
<!-- Generated by org.testng.reporters.JUnitXMLReporter -->
<testsuite ignored="0" hostname="Mahesh-DT" failures="0" tests="4" name="login test cases" time="12.426" errors="0" timestamp="2025-05-22T11:48:13 IST">
  <testcase classname="ParameterClassExample.BothCorrect" name="BothCorrectLogin" time="3.323"/>
  <testcase classname="ParameterClassExample.BothIncorrect" name="BothIncorrectLogin" time="3.356"/>
  <testcase classname="ParameterClassExample.IncorrectPassword" name="IncorrectPasswordLogin" time="2.284"/>
  <testcase classname="ParameterClassExample.IncorrectUsername" name="IncorrectUsernameLogin" time="3.425"/>
</testsuite> <!-- login test cases -->
