<?xml version="1.0" encoding="UTF-8"?>
<testng-results ignored="0" total="3" passed="3" failed="0" skipped="0">
  <reporter-output>
  </reporter-output>
  <suite started-at="2025-05-24T13:05:46 IST" name="Default suite" finished-at="2025-05-24T13:05:47 IST" duration-ms="58">
    <groups>
    </groups>
    <test started-at="2025-05-24T13:05:46 IST" name="Default test" finished-at="2025-05-24T13:05:47 IST" duration-ms="58">
      <class name="DataProvider.TestLogin">
        <test-method signature="testLoginWithBrowser(java.lang.String,java.lang.String,java.lang.String)[pri:0, instance:DataProvider.TestLogin@4c12331b]" started-at="2025-05-24T13:05:47 IST" name="testLoginWithBrowser" data-provider="loginData" finished-at="2025-05-24T13:05:47 IST" duration-ms="7" status="PASS">
          <params>
            <param index="0">
              <value>
                <![CDATA[admin]]>
              </value>
            </param>
            <param index="1">
              <value>
                <![CDATA[admin123]]>
              </value>
            </param>
            <param index="2">
              <value>
                <![CDATA[chrome]]>
              </value>
            </param>
          </params>
          <reporter-output>
          </reporter-output>
        </test-method> <!-- testLoginWithBrowser -->
        <test-method signature="testLoginWithBrowser(java.lang.String,java.lang.String,java.lang.String)[pri:0, instance:DataProvider.TestLogin@4c12331b]" started-at="2025-05-24T13:05:47 IST" name="testLoginWithBrowser" data-provider="loginData" finished-at="2025-05-24T13:05:47 IST" duration-ms="3" status="PASS">
          <params>
            <param index="0">
              <value>
                <![CDATA[user]]>
              </value>
            </param>
            <param index="1">
              <value>
                <![CDATA[user123]]>
              </value>
            </param>
            <param index="2">
              <value>
                <![CDATA[firefox]]>
              </value>
            </param>
          </params>
          <reporter-output>
          </reporter-output>
        </test-method> <!-- testLoginWithBrowser -->
        <test-method signature="testLoginWithBrowser(java.lang.String,java.lang.String,java.lang.String)[pri:0, instance:DataProvider.TestLogin@4c12331b]" started-at="2025-05-24T13:05:47 IST" name="testLoginWithBrowser" data-provider="loginData" finished-at="2025-05-24T13:05:47 IST" duration-ms="1" status="PASS">
          <params>
            <param index="0">
              <value>
                <![CDATA[guest]]>
              </value>
            </param>
            <param index="1">
              <value>
                <![CDATA[guest123]]>
              </value>
            </param>
            <param index="2">
              <value>
                <![CDATA[edge]]>
              </value>
            </param>
          </params>
          <reporter-output>
          </reporter-output>
        </test-method> <!-- testLoginWithBrowser -->
      </class> <!-- DataProvider.TestLogin -->
    </test> <!-- Default test -->
  </suite> <!-- Default suite -->
</testng-results>
