<?xml version="1.0" encoding="UTF-8"?>
<!-- Generated by org.testng.reporters.JUnitXMLReporter -->
<testsuite ignored="4" hostname="Mahesh-DT" failures="0" tests="1" name="Car Loan" time="0.037" errors="0" timestamp="2025-04-15T15:37:54 IST">
  <testcase classname="test.day3" name="WebLoginHomeLoan" time="0.004"/>
  <testcase classname="test.day3" name="MobileSignInHomeLoan" time="0.0">
    <ignored/>
  </testcase> <!-- MobileSignInHomeLoan -->
  <testcase classname="test.day3" name="MobileLoginHomeLoan" time="0.0">
    <ignored/>
  </testcase> <!-- MobileLoginHomeLoan -->
  <testcase classname="test.day3" name="MobileSignOutHomeLoan" time="0.0">
    <ignored/>
  </testcase> <!-- MobileSignOutHomeLoan -->
  <testcase classname="test.day3" name="APILoginHomeLoan" time="0.0">
    <ignored/>
  </testcase> <!-- APILoginHomeLoan -->
</testsuite> <!-- Car Loan -->
