<?xml version="1.0" encoding="UTF-8"?>
<!-- Generated by org.testng.reporters.JUnitXMLReporter -->
<testsuite ignored="1" hostname="Mahesh-DT" failures="1" tests="8" name="Personal Loan" time="0.086" errors="0" timestamp="2025-04-15T15:37:54 IST">
  <testcase classname="test.day1" name="testOne" time="0.005"/>
  <testcase classname="test.day1" name="testThree" time="0.004"/>
  <testcase classname="test.day1" name="testThree" time="0.001"/>
  <testcase classname="test.day1" name="testThree" time="0.002"/>
  <testcase classname="test.day2" name="testThree" time="0.001"/>
  <testcase classname="test.day4" name="APILoginCarLoan" time="0.001"/>
  <testcase classname="test.day4" name="MobileLoginCarLoan" time="0.014">
    <failure type="java.lang.AssertionError" message="expected [true] but found [false]">
      <![CDATA[java.lang.AssertionError: expected [true] but found [false]
at test.day4.MobileLoginCarLoan(day4.java:28)
at java.base/java.util.ArrayList.forEach(ArrayList.java:1596)
at java.base/java.util.concurrent.FutureTask.run(FutureTask.java:317)
at java.base/java.util.concurrent.ThreadPoolExecutor.runWorker(ThreadPoolExecutor.java:1144)
at java.base/java.util.concurrent.ThreadPoolExecutor$Worker.run(ThreadPoolExecutor.java:642)
at java.base/java.lang.Thread.run(Thread.java:1583)
... Removed 19 stack frames]]>
    </failure>
  </testcase> <!-- MobileLoginCarLoan -->
  <testcase classname="test.day4" name="WebLoginCarLoan" time="0.004"/>
  <testcase classname="test.day1" name="testTwo" time="0.0">
    <ignored/>
  </testcase> <!-- testTwo -->
</testsuite> <!-- Personal Loan -->
