<?xml version="1.0" encoding="UTF-8"?>
<!-- Generated by org.testng.reporters.JUnitXMLReporter -->
<testsuite ignored="3" hostname="Mahesh-DT" failures="0" tests="8" name="Regression" time="0.077" errors="0" timestamp="2025-04-14T18:51:57 IST">
  <testcase classname="test.day1" name="testTwo" time="0.006"/>
  <testcase classname="test.day2" name="testThree" time="0.002"/>
  <testcase classname="test.day3" name="APILoginHomeLoan" time="0.002"/>
  <testcase classname="test.day3" name="MobileLoginHomeLoan" time="0.001"/>
  <testcase classname="test.day3" name="MobileSignOutHomeLoan" time="0.001"/>
  <testcase classname="test.day3" name="WebLoginHomeLoan" time="0.001"/>
  <testcase classname="test.day4" name="MobileLoginCarLoan" time="0.001"/>
  <testcase classname="test.day4" name="WebLoginCarLoan" time="0.001"/>
  <testcase classname="test.day4" name="APILoginCarLoan" time="0.0">
    <ignored/>
  </testcase> <!-- APILoginCarLoan -->
  <testcase classname="test.day1" name="testOne" time="0.0">
    <ignored/>
  </testcase> <!-- testOne -->
  <testcase classname="test.day3" name="MobileSignInHomeLoan" time="0.0">
    <ignored/>
  </testcase> <!-- MobileSignInHomeLoan -->
</testsuite> <!-- Regression -->
