<?xml version="1.0" encoding="UTF-8"?>
<!-- Generated by org.testng.reporters.JUnitXMLReporter -->
<testsuite ignored="0" hostname="Mahesh-DT" failures="0" tests="3" name="Default test" time="4.355" errors="0" timestamp="2025-05-27T14:34:07 IST">
  <testcase classname="ExtentReports.ExtentReportsExample.ExtentReportsDemo" name="openBing" time="0.748"/>
  <testcase classname="ExtentReports.ExtentReportsExample.ExtentReportsDemo" name="openGoogle" time="2.21"/>
  <testcase classname="ExtentReports.ExtentReportsExample.ExtentReportsDemo" name="openWikipedia" time="1.365"/>
</testsuite> <!-- Default test -->
