<?xml version="1.0" encoding="UTF-8"?>
<!-- Generated by org.testng.reporters.JUnitXMLReporter -->
<testsuite ignored="0" hostname="Mahesh-DT" failures="0" tests="3" name="Default test" time="0.058" errors="0" timestamp="2025-05-24T13:05:47 IST">
  <testcase classname="DataProvider.TestLogin" name="testLoginWithBrowser" time="0.007"/>
  <testcase classname="DataProvider.TestLogin" name="testLoginWithBrowser" time="0.003"/>
  <testcase classname="DataProvider.TestLogin" name="testLoginWithBrowser" time="0.001"/>
</testsuite> <!-- Default test -->
