<?xml version="1.0" encoding="UTF-8"?>
<testng-results ignored="0" total="3" passed="3" failed="0" skipped="0">
  <reporter-output>
  </reporter-output>
  <suite started-at="2025-04-29T17:47:47 IST" name="Default suite" finished-at="2025-04-29T17:47:47 IST" duration-ms="514">
    <groups>
    </groups>
    <test started-at="2025-04-29T17:47:47 IST" name="Default test" finished-at="2025-04-29T17:47:47 IST" duration-ms="514">
      <class name="ExcelDataDriven.dataProviderExcelDrive">
        <test-method signature="testCaseDrive(java.lang.String,java.lang.String,java.lang.String)[pri:0, instance:ExcelDataDriven.dataProviderExcelDrive@4f704591]" started-at="2025-04-29T17:47:47 IST" name="testCaseDrive" data-provider="driveTest" finished-at="2025-04-29T17:47:47 IST" duration-ms="6" status="PASS">
          <params>
            <param index="0">
              <value>
                <![CDATA[Hello]]>
              </value>
            </param>
            <param index="1">
              <value>
                <![CDATA[Text]]>
              </value>
            </param>
            <param index="2">
              <value>
                <![CDATA[10]]>
              </value>
            </param>
          </params>
          <reporter-output>
          </reporter-output>
        </test-method> <!-- testCaseDrive -->
        <test-method signature="testCaseDrive(java.lang.String,java.lang.String,java.lang.String)[pri:0, instance:ExcelDataDriven.dataProviderExcelDrive@4f704591]" started-at="2025-04-29T17:47:47 IST" name="testCaseDrive" data-provider="driveTest" finished-at="2025-04-29T17:47:47 IST" duration-ms="2" status="PASS">
          <params>
            <param index="0">
              <value>
                <![CDATA[Welcome]]>
              </value>
            </param>
            <param index="1">
              <value>
                <![CDATA[Message]]>
              </value>
            </param>
            <param index="2">
              <value>
                <![CDATA[20]]>
              </value>
            </param>
          </params>
          <reporter-output>
          </reporter-output>
        </test-method> <!-- testCaseDrive -->
        <test-method signature="testCaseDrive(java.lang.String,java.lang.String,java.lang.String)[pri:0, instance:ExcelDataDriven.dataProviderExcelDrive@4f704591]" started-at="2025-04-29T17:47:47 IST" name="testCaseDrive" data-provider="driveTest" finished-at="2025-04-29T17:47:47 IST" duration-ms="2" status="PASS">
          <params>
            <param index="0">
              <value>
                <![CDATA[Bye]]>
              </value>
            </param>
            <param index="1">
              <value>
                <![CDATA[Call]]>
              </value>
            </param>
            <param index="2">
              <value>
                <![CDATA[30]]>
              </value>
            </param>
          </params>
          <reporter-output>
          </reporter-output>
        </test-method> <!-- testCaseDrive -->
      </class> <!-- ExcelDataDriven.dataProviderExcelDrive -->
    </test> <!-- Default test -->
  </suite> <!-- Default suite -->
</testng-results>
