<?xml version="1.0" encoding="UTF-8"?>
<testng-results ignored="0" total="5" passed="5" failed="0" skipped="0">
  <reporter-output>
  </reporter-output>
  <suite started-at="2025-05-02T18:10:33 IST" name="Suite" finished-at="2025-05-02T18:10:55 IST" duration-ms="21996">
    <groups>
      <group name="Purchase">
        <method signature="SubmitOrderTest.SubmitOrder(java.util.HashMap)[pri:0, instance:FrameworkDesign.Tests.SubmitOrderTest@61710c6]" name="SubmitOrder" class="FrameworkDesign.Tests.SubmitOrderTest"/>
      </group> <!-- Purchase -->
      <group name="errorhandling">
        <method signature="ErrorValidationTest.LoginPageErrorvalidation()[pri:0, instance:FrameworkDesign.Tests.ErrorValidationTest@723e88f9]" name="LoginPageErrorvalidation" class="FrameworkDesign.Tests.ErrorValidationTest"/>
      </group> <!-- errorhandling -->
    </groups>
    <test started-at="2025-05-02T18:10:33 IST" name="Error Validation Test" finished-at="2025-05-02T18:10:47 IST" duration-ms="13790">
      <class name="FrameworkDesign.Tests.ErrorValidationTest">
        <test-method is-config="true" signature="launchApplication()[pri:0, instance:FrameworkDesign.Tests.ErrorValidationTest@723e88f9]" started-at="2025-05-02T18:10:33 IST" name="launchApplication" finished-at="2025-05-02T18:10:38 IST" duration-ms="5367" status="PASS">
          <reporter-output>
          </reporter-output>
        </test-method> <!-- launchApplication -->
        <test-method signature="LoginPageErrorvalidation()[pri:0, instance:FrameworkDesign.Tests.ErrorValidationTest@723e88f9]" started-at="2025-05-02T18:10:38 IST" name="LoginPageErrorvalidation" finished-at="2025-05-02T18:10:39 IST" duration-ms="882" status="PASS">
          <reporter-output>
          </reporter-output>
        </test-method> <!-- LoginPageErrorvalidation -->
        <test-method is-config="true" signature="tearDown()[pri:0, instance:FrameworkDesign.Tests.ErrorValidationTest@723e88f9]" started-at="2025-05-02T18:10:39 IST" name="tearDown" finished-at="2025-05-02T18:10:39 IST" duration-ms="94" status="PASS">
          <reporter-output>
          </reporter-output>
        </test-method> <!-- tearDown -->
        <test-method is-config="true" signature="launchApplication()[pri:0, instance:FrameworkDesign.Tests.ErrorValidationTest@723e88f9]" started-at="2025-05-02T18:10:39 IST" name="launchApplication" finished-at="2025-05-02T18:10:43 IST" duration-ms="3436" status="PASS">
          <reporter-output>
          </reporter-output>
        </test-method> <!-- launchApplication -->
        <test-method signature="ProductPageErrorvalidation()[pri:0, instance:FrameworkDesign.Tests.ErrorValidationTest@723e88f9]" started-at="2025-05-02T18:10:43 IST" name="ProductPageErrorvalidation" finished-at="2025-05-02T18:10:46 IST" duration-ms="3888" status="PASS">
          <reporter-output>
          </reporter-output>
        </test-method> <!-- ProductPageErrorvalidation -->
        <test-method is-config="true" signature="tearDown()[pri:0, instance:FrameworkDesign.Tests.ErrorValidationTest@723e88f9]" started-at="2025-05-02T18:10:46 IST" name="tearDown" finished-at="2025-05-02T18:10:47 IST" duration-ms="87" status="PASS">
          <reporter-output>
          </reporter-output>
        </test-method> <!-- tearDown -->
      </class> <!-- FrameworkDesign.Tests.ErrorValidationTest -->
    </test> <!-- Error Validation Test -->
    <test started-at="2025-05-02T18:10:33 IST" name="Submit Order Test" finished-at="2025-05-02T18:10:55 IST" duration-ms="21996">
      <class name="FrameworkDesign.Tests.SubmitOrderTest">
        <test-method is-config="true" signature="launchApplication()[pri:0, instance:FrameworkDesign.Tests.SubmitOrderTest@61710c6]" started-at="2025-05-02T18:10:33 IST" name="launchApplication" finished-at="2025-05-02T18:10:37 IST" duration-ms="4056" status="PASS">
          <reporter-output>
          </reporter-output>
        </test-method> <!-- launchApplication -->
        <test-method signature="SubmitOrder(java.util.HashMap)[pri:0, instance:FrameworkDesign.Tests.SubmitOrderTest@61710c6]" started-at="2025-05-02T18:10:37 IST" name="SubmitOrder" data-provider="getData" finished-at="2025-05-02T18:10:42 IST" duration-ms="4885" status="PASS">
          <params>
            <param index="0">
              <value>
                <![CDATA[{password=Pass@1007, product=ADIDAS ORIGINAL, email=Geeta@gmail.com}]]>
              </value>
            </param>
          </params>
          <reporter-output>
          </reporter-output>
        </test-method> <!-- SubmitOrder -->
        <test-method is-config="true" signature="tearDown()[pri:0, instance:FrameworkDesign.Tests.SubmitOrderTest@61710c6]" started-at="2025-05-02T18:10:42 IST" name="tearDown" finished-at="2025-05-02T18:10:42 IST" duration-ms="81" status="PASS">
          <reporter-output>
          </reporter-output>
        </test-method> <!-- tearDown -->
        <test-method is-config="true" signature="launchApplication()[pri:0, instance:FrameworkDesign.Tests.SubmitOrderTest@61710c6]" started-at="2025-05-02T18:10:42 IST" name="launchApplication" finished-at="2025-05-02T18:10:46 IST" duration-ms="3552" status="PASS">
          <reporter-output>
          </reporter-output>
        </test-method> <!-- launchApplication -->
        <test-method signature="SubmitOrder(java.util.HashMap)[pri:0, instance:FrameworkDesign.Tests.SubmitOrderTest@61710c6]" started-at="2025-05-02T18:10:46 IST" name="SubmitOrder" data-provider="getData" finished-at="2025-05-02T18:10:50 IST" duration-ms="4773" status="PASS">
          <params>
            <param index="0">
              <value>
                <![CDATA[{password=Pass@1007, product=IPHONE 13 PRO, email=Kishor@gmail.com}]]>
              </value>
            </param>
          </params>
          <reporter-output>
          </reporter-output>
        </test-method> <!-- SubmitOrder -->
        <test-method is-config="true" signature="tearDown()[pri:0, instance:FrameworkDesign.Tests.SubmitOrderTest@61710c6]" started-at="2025-05-02T18:10:50 IST" name="tearDown" finished-at="2025-05-02T18:10:50 IST" duration-ms="125" status="PASS">
          <reporter-output>
          </reporter-output>
        </test-method> <!-- tearDown -->
        <test-method is-config="true" signature="launchApplication()[pri:0, instance:FrameworkDesign.Tests.SubmitOrderTest@61710c6]" started-at="2025-05-02T18:10:50 IST" name="launchApplication" finished-at="2025-05-02T18:10:54 IST" duration-ms="3754" status="PASS">
          <reporter-output>
          </reporter-output>
        </test-method> <!-- launchApplication -->
        <test-method signature="OrderHistoryTest()[pri:0, instance:FrameworkDesign.Tests.SubmitOrderTest@61710c6]" started-at="2025-05-02T18:10:54 IST" name="OrderHistoryTest" finished-at="2025-05-02T18:10:55 IST" depends-on-methods="FrameworkDesign.Tests.SubmitOrderTest.SubmitOrder" duration-ms="499" status="PASS">
          <reporter-output>
          </reporter-output>
        </test-method> <!-- OrderHistoryTest -->
        <test-method is-config="true" signature="tearDown()[pri:0, instance:FrameworkDesign.Tests.SubmitOrderTest@61710c6]" started-at="2025-05-02T18:10:55 IST" name="tearDown" finished-at="2025-05-02T18:10:55 IST" duration-ms="84" status="PASS">
          <reporter-output>
          </reporter-output>
        </test-method> <!-- tearDown -->
      </class> <!-- FrameworkDesign.Tests.SubmitOrderTest -->
    </test> <!-- Submit Order Test -->
  </suite> <!-- Suite -->
</testng-results>
