<?xml version="1.0" encoding="UTF-8"?>
<!-- Generated by org.testng.reporters.JUnitXMLReporter -->
<testsuite ignored="0" hostname="Mahesh-DT" failures="0" tests="2" name="Error Validation Test" time="13.79" errors="0" timestamp="2025-05-02T18:10:47 IST">
  <testcase classname="FrameworkDesign.Tests.ErrorValidationTest" name="LoginPageErrorvalidation" time="0.882"/>
  <testcase classname="FrameworkDesign.Tests.ErrorValidationTest" name="ProductPageErrorvalidation" time="3.888"/>
</testsuite> <!-- Error Validation Test -->
