<?xml version="1.0" encoding="UTF-8"?>
<!-- Generated by org.testng.reporters.JUnitXMLReporter -->
<testsuite ignored="0" hostname="Mahesh-DT" failures="0" tests="3" name="Submit Order Test" time="21.996" errors="0" timestamp="2025-05-02T18:10:55 IST">
  <testcase classname="FrameworkDesign.Tests.SubmitOrderTest" name="SubmitOrder" time="4.885"/>
  <testcase classname="FrameworkDesign.Tests.SubmitOrderTest" name="SubmitOrder" time="4.773"/>
  <testcase classname="FrameworkDesign.Tests.SubmitOrderTest" name="OrderHistoryTest" time="0.499"/>
</testsuite> <!-- Submit Order Test -->
