<?xml version="1.0" encoding="UTF-8"?>
<testng-results ignored="0" total="3" passed="3" failed="0" skipped="0">
  <reporter-output>
  </reporter-output>
  <suite started-at="2025-05-27T14:34:03 IST" name="Default suite" finished-at="2025-05-27T14:34:07 IST" duration-ms="4355">
    <groups>
    </groups>
    <test started-at="2025-05-27T14:34:03 IST" name="Default test" finished-at="2025-05-27T14:34:07 IST" duration-ms="4355">
      <class name="ExtentReports.ExtentReportsExample.ExtentReportsDemo">
        <test-method is-config="true" signature="launchBrowser()[pri:0, instance:ExtentReports.ExtentReportsExample.ExtentReportsDemo@3bd82cf5]" started-at="2025-05-27T14:33:59 IST" name="launchBrowser" finished-at="2025-05-27T14:34:03 IST" duration-ms="3412" status="PASS">
          <reporter-output>
          </reporter-output>
        </test-method> <!-- launchBrowser -->
        <test-method signature="openBing()[pri:0, instance:ExtentReports.ExtentReportsExample.ExtentReportsDemo@3bd82cf5]" started-at="2025-05-27T14:34:03 IST" name="openBing" finished-at="2025-05-27T14:34:03 IST" duration-ms="748" status="PASS">
          <reporter-output>
          </reporter-output>
        </test-method> <!-- openBing -->
        <test-method signature="openGoogle()[pri:0, instance:ExtentReports.ExtentReportsExample.ExtentReportsDemo@3bd82cf5]" started-at="2025-05-27T14:34:03 IST" name="openGoogle" finished-at="2025-05-27T14:34:06 IST" duration-ms="2210" status="PASS">
          <reporter-output>
          </reporter-output>
        </test-method> <!-- openGoogle -->
        <test-method signature="openWikipedia()[pri:0, instance:ExtentReports.ExtentReportsExample.ExtentReportsDemo@3bd82cf5]" started-at="2025-05-27T14:34:06 IST" name="openWikipedia" finished-at="2025-05-27T14:34:07 IST" duration-ms="1365" status="PASS">
          <reporter-output>
          </reporter-output>
        </test-method> <!-- openWikipedia -->
        <test-method is-config="true" signature="tearDown()[pri:0, instance:ExtentReports.ExtentReportsExample.ExtentReportsDemo@3bd82cf5]" started-at="2025-05-27T14:34:07 IST" name="tearDown" finished-at="2025-05-27T14:34:08 IST" duration-ms="571" status="PASS">
          <reporter-output>
          </reporter-output>
        </test-method> <!-- tearDown -->
      </class> <!-- ExtentReports.ExtentReportsExample.ExtentReportsDemo -->
    </test> <!-- Default test -->
  </suite> <!-- Default suite -->
</testng-results>
