<?xml version="1.0" encoding="UTF-8"?>
<testng-results ignored="0" total="1" passed="1" failed="0" skipped="0">
  <reporter-output>
  </reporter-output>
  <suite started-at="2025-04-22T17:21:47 IST" name="Default suite" finished-at="2025-04-22T17:21:52 IST" duration-ms="5085">
    <groups>
    </groups>
    <test started-at="2025-04-22T17:21:47 IST" name="Default test" finished-at="2025-04-22T17:21:52 IST" duration-ms="5085">
      <class name="ExtentReports.ExtentReportsDemo">
        <test-method is-config="true" signature="config()[pri:0, instance:ExtentReports.ExtentReportsDemo@1165b38]" started-at="2025-04-22T17:21:47 IST" name="config" finished-at="2025-04-22T17:21:47 IST" duration-ms="192" status="PASS">
          <reporter-output>
          </reporter-output>
        </test-method> <!-- config -->
        <test-method signature="initialDemo()[pri:0, instance:ExtentReports.ExtentReportsDemo@1165b38]" started-at="2025-04-22T17:21:47 IST" name="initialDemo" finished-at="2025-04-22T17:21:52 IST" duration-ms="4856" status="PASS">
          <reporter-output>
          </reporter-output>
        </test-method> <!-- initialDemo -->
      </class> <!-- ExtentReports.ExtentReportsDemo -->
    </test> <!-- Default test -->
  </suite> <!-- Default suite -->
</testng-results>
