<?xml version="1.0" encoding="UTF-8"?>
<testng-results ignored="0" total="1" passed="1" failed="0" skipped="0">
  <reporter-output>
  </reporter-output>
  <suite started-at="2025-05-14T19:52:28 IST" name="suite" finished-at="2025-05-14T19:52:28 IST" duration-ms="217">
    <groups>
    </groups>
    <test started-at="2025-05-14T19:52:28 IST" name="LoginPage" finished-at="2025-05-14T19:52:28 IST" duration-ms="217">
      <class name="testCases.LoginPage">
        <test-method is-config="true" signature="launchBrowser()[pri:0, instance:testCases.LoginPage@bcec361]" started-at="2025-05-14T19:52:23 IST" name="launchBrowser" finished-at="2025-05-14T19:52:28 IST" duration-ms="4882" status="PASS">
          <reporter-output>
          </reporter-output>
        </test-method> <!-- launchBrowser -->
        <test-method signature="loginPage()[pri:0, instance:testCases.LoginPage@bcec361]" started-at="2025-05-14T19:52:28 IST" name="loginPage" finished-at="2025-05-14T19:52:28 IST" duration-ms="192" status="PASS">
          <reporter-output>
          </reporter-output>
        </test-method> <!-- loginPage -->
        <test-method is-config="true" signature="tearDown()[pri:0, instance:testCases.LoginPage@bcec361]" started-at="2025-05-14T19:52:28 IST" name="tearDown" finished-at="2025-05-14T19:52:28 IST" duration-ms="1" status="PASS">
          <reporter-output>
          </reporter-output>
        </test-method> <!-- tearDown -->
      </class> <!-- testCases.LoginPage -->
    </test> <!-- LoginPage -->
  </suite> <!-- suite -->
</testng-results>
