<?xml version="1.0" encoding="UTF-8"?>
<!-- Generated by org.testng.reporters.JUnitXMLReporter -->
<testsuite ignored="0" hostname="Mahesh-DT" failures="0" tests="3" name="Default test" time="22.662" errors="0" timestamp="2025-05-02T18:10:26 IST">
  <testcase classname="FrameworkDesign.Tests.SubmitOrderTest" name="SubmitOrder" time="4.874"/>
  <testcase classname="FrameworkDesign.Tests.SubmitOrderTest" name="SubmitOrder" time="4.711"/>
  <testcase classname="FrameworkDesign.Tests.SubmitOrderTest" name="OrderHistoryTest" time="0.558"/>
</testsuite> <!-- Default test -->
