<?xml version="1.0" encoding="UTF-8"?>
<!-- Generated by org.testng.reporters.JUnitXMLReporter -->
<testsuite ignored="0" hostname="Mahesh-DT" failures="0" tests="3" name="Default test" time="0.514" errors="0" timestamp="2025-04-29T17:47:47 IST">
  <testcase classname="ExcelDataDriven.dataProviderExcelDrive" name="testCaseDrive" time="0.006"/>
  <testcase classname="ExcelDataDriven.dataProviderExcelDrive" name="testCaseDrive" time="0.002"/>
  <testcase classname="ExcelDataDriven.dataProviderExcelDrive" name="testCaseDrive" time="0.002"/>
</testsuite> <!-- Default test -->
