<?xml version="1.0" encoding="UTF-8"?>
<!-- Generated by org.testng.reporters.JUnitXMLReporter -->
<testsuite ignored="0" hostname="Mahesh-DT" failures="0" tests="4" name="Default test" time="17.709" errors="0" timestamp="2025-05-24T19:58:19 IST">
  <testcase classname="JXLExample.DataDrivenJXL2" name="BothCorrectLogin" time="3.599"/>
  <testcase classname="JXLExample.DataDrivenJXL2" name="BothCorrectLogin" time="2.788"/>
  <testcase classname="JXLExample.DataDrivenJXL2" name="BothCorrectLogin" time="3.266"/>
  <testcase classname="JXLExample.DataDrivenJXL2" name="BothCorrectLogin" time="3.742"/>
</testsuite> <!-- Default test -->
