<?xml version="1.0" encoding="UTF-8"?>
<testng-results total="2" passed="2" failed="0" skipped="0">
  <reporter-output>
  </reporter-output>
  <suite started-at="2025-04-15T13:10:26Z" name="Default suite" finished-at="2025-04-15T13:10:26Z" duration-ms="24">
    <groups>
    </groups>
    <test started-at="2025-04-15T13:10:26Z" name="Default test" finished-at="2025-04-15T13:10:26Z" duration-ms="24">
      <class name="thisSuperKeyword.PS1">
        <test-method signature="doThis()[pri:0, instance:thisSuperKeyword.PS1@17fc391b]" started-at="2025-04-15T18:40:26Z" name="doThis" finished-at="2025-04-15T18:40:26Z" duration-ms="10" status="PASS">
          <reporter-output>
          </reporter-output>
        </test-method> <!-- doThis -->
        <test-method signature="testRun()[pri:0, instance:thisSuperKeyword.PS1@17fc391b]" started-at="2025-04-15T18:40:26Z" name="testRun" finished-at="2025-04-15T18:40:26Z" duration-ms="4" status="PASS">
          <reporter-output>
          </reporter-output>
        </test-method> <!-- testRun -->
      </class> <!-- thisSuperKeyword.PS1 -->
    </test> <!-- Default test -->
  </suite> <!-- Default suite -->
</testng-results>
