<?xml version="1.0" encoding="UTF-8"?>
<testng-results ignored="0" total="4" passed="4" failed="0" skipped="0">
  <reporter-output>
  </reporter-output>
  <suite started-at="2025-05-24T19:58:01 IST" name="Default suite" finished-at="2025-05-24T19:58:19 IST" duration-ms="17709">
    <groups>
    </groups>
    <test started-at="2025-05-24T19:58:01 IST" name="Default test" finished-at="2025-05-24T19:58:19 IST" duration-ms="17709">
      <class name="JXLExample.DataDrivenJXL2">
        <test-method is-config="true" signature="beforeTest()[pri:0, instance:JXLExample.DataDrivenJXL2@279fedbd]" started-at="2025-05-24T19:58:01 IST" name="beforeTest" finished-at="2025-05-24T19:58:02 IST" duration-ms="1085" status="PASS">
          <reporter-output>
          </reporter-output>
        </test-method> <!-- beforeTest -->
        <test-method signature="BothCorrectLogin(java.lang.String,java.lang.String)[pri:0, instance:JXLExample.DataDrivenJXL2@279fedbd]" started-at="2025-05-24T19:58:02 IST" name="BothCorrectLogin" data-provider="loginData" finished-at="2025-05-24T19:58:06 IST" duration-ms="3599" status="PASS">
          <params>
            <param index="0">
              <value>
                <![CDATA[Geeta@gmail.com]]>
              </value>
            </param>
            <param index="1">
              <value>
                <![CDATA[Pass@1007]]>
              </value>
            </param>
          </params>
          <reporter-output>
          </reporter-output>
        </test-method> <!-- BothCorrectLogin -->
        <test-method is-config="true" signature="afterTest()[pri:0, instance:JXLExample.DataDrivenJXL2@279fedbd]" started-at="2025-05-24T19:58:06 IST" name="afterTest" finished-at="2025-05-24T19:58:06 IST" duration-ms="138" status="PASS">
          <reporter-output>
          </reporter-output>
        </test-method> <!-- afterTest -->
        <test-method is-config="true" signature="beforeTest()[pri:0, instance:JXLExample.DataDrivenJXL2@279fedbd]" started-at="2025-05-24T19:58:06 IST" name="beforeTest" finished-at="2025-05-24T19:58:07 IST" duration-ms="843" status="PASS">
          <reporter-output>
          </reporter-output>
        </test-method> <!-- beforeTest -->
        <test-method signature="BothCorrectLogin(java.lang.String,java.lang.String)[pri:0, instance:JXLExample.DataDrivenJXL2@279fedbd]" started-at="2025-05-24T19:58:07 IST" name="BothCorrectLogin" data-provider="loginData" finished-at="2025-05-24T19:58:10 IST" duration-ms="2788" status="PASS">
          <params>
            <param index="0">
              <value>
                <![CDATA[Geefta@gmail.com]]>
              </value>
            </param>
            <param index="1">
              <value>
                <![CDATA[Pafss@1007]]>
              </value>
            </param>
          </params>
          <reporter-output>
          </reporter-output>
        </test-method> <!-- BothCorrectLogin -->
        <test-method is-config="true" signature="afterTest()[pri:0, instance:JXLExample.DataDrivenJXL2@279fedbd]" started-at="2025-05-24T19:58:10 IST" name="afterTest" finished-at="2025-05-24T19:58:10 IST" duration-ms="133" status="PASS">
          <reporter-output>
          </reporter-output>
        </test-method> <!-- afterTest -->
        <test-method is-config="true" signature="beforeTest()[pri:0, instance:JXLExample.DataDrivenJXL2@279fedbd]" started-at="2025-05-24T19:58:10 IST" name="beforeTest" finished-at="2025-05-24T19:58:11 IST" duration-ms="811" status="PASS">
          <reporter-output>
          </reporter-output>
        </test-method> <!-- beforeTest -->
        <test-method signature="BothCorrectLogin(java.lang.String,java.lang.String)[pri:0, instance:JXLExample.DataDrivenJXL2@279fedbd]" started-at="2025-05-24T19:58:11 IST" name="BothCorrectLogin" data-provider="loginData" finished-at="2025-05-24T19:58:14 IST" duration-ms="3266" status="PASS">
          <params>
            <param index="0">
              <value>
                <![CDATA[Gefeta@gmail.com]]>
              </value>
            </param>
            <param index="1">
              <value>
                <![CDATA[Pass@1007]]>
              </value>
            </param>
          </params>
          <reporter-output>
          </reporter-output>
        </test-method> <!-- BothCorrectLogin -->
        <test-method is-config="true" signature="afterTest()[pri:0, instance:JXLExample.DataDrivenJXL2@279fedbd]" started-at="2025-05-24T19:58:14 IST" name="afterTest" finished-at="2025-05-24T19:58:14 IST" duration-ms="134" status="PASS">
          <reporter-output>
          </reporter-output>
        </test-method> <!-- afterTest -->
        <test-method is-config="true" signature="beforeTest()[pri:0, instance:JXLExample.DataDrivenJXL2@279fedbd]" started-at="2025-05-24T19:58:14 IST" name="beforeTest" finished-at="2025-05-24T19:58:15 IST" duration-ms="915" status="PASS">
          <reporter-output>
          </reporter-output>
        </test-method> <!-- beforeTest -->
        <test-method signature="BothCorrectLogin(java.lang.String,java.lang.String)[pri:0, instance:JXLExample.DataDrivenJXL2@279fedbd]" started-at="2025-05-24T19:58:15 IST" name="BothCorrectLogin" data-provider="loginData" finished-at="2025-05-24T19:58:19 IST" duration-ms="3742" status="PASS">
          <params>
            <param index="0">
              <value>
                <![CDATA[Geeta@gmail.com]]>
              </value>
            </param>
            <param index="1">
              <value>
                <![CDATA[Passf@1007]]>
              </value>
            </param>
          </params>
          <reporter-output>
          </reporter-output>
        </test-method> <!-- BothCorrectLogin -->
        <test-method is-config="true" signature="afterTest()[pri:0, instance:JXLExample.DataDrivenJXL2@279fedbd]" started-at="2025-05-24T19:58:19 IST" name="afterTest" finished-at="2025-05-24T19:58:19 IST" duration-ms="140" status="PASS">
          <reporter-output>
          </reporter-output>
        </test-method> <!-- afterTest -->
      </class> <!-- JXLExample.DataDrivenJXL2 -->
    </test> <!-- Default test -->
  </suite> <!-- Default suite -->
</testng-results>
